[01:40:18] [Client thread/INFO]: Setting user: Player369
[01:40:20] [Client thread/INFO]: LWJGL Version: 2.9.1
[01:40:25] [Client thread/INFO]: Reloading ResourceManager: Default, FMLFileResourcePack:Forge Mod Loader, FMLFileResourcePack:Minecraft Forge, FMLFileResourcePack:minesweeper
[01:40:25] [Sound Library Loader/INFO]: Starting up SoundSystem...
[01:40:26] [Thread-9/INFO]: Initializing LWJGL OpenAL
[01:40:26] [Thread-9/INFO]: (The LWJGL binding of OpenAL.  For more information, see http://www.lwjgl.org)
[01:40:26] [Thread-9/INFO]: OpenAL initialized.
[01:40:26] [Sound Library Loader/INFO]: Sound engine started
[01:40:29] [Client thread/INFO]: Created: 512x512 textures-atlas
[01:40:30] [Client thread/INFO]: Reloading ResourceManager: Default, FMLFileResourcePack:Forge Mod Loader, FMLFileResourcePack:Minecraft Forge, FMLFileResourcePack:minesweeper
[01:40:30] [Client thread/INFO]: SoundSystem shutting down...
[01:40:30] [Client thread/WARN]: Author: Paul Lamb, www.paulscode.com
[01:40:30] [Sound Library Loader/INFO]: Starting up SoundSystem...
[01:40:31] [Thread-11/INFO]: Initializing LWJGL OpenAL
[01:40:31] [Thread-11/INFO]: (The LWJGL binding of OpenAL.  For more information, see http://www.lwjgl.org)
[01:40:31] [Thread-11/INFO]: OpenAL initialized.
[01:40:31] [Sound Library Loader/INFO]: Sound engine started
[01:40:33] [Client thread/INFO]: Created: 512x512 textures-atlas
[01:40:36] [Server thread/INFO]: Starting integrated minecraft server version 1.8
[01:40:36] [Server thread/INFO]: Generating keypair
[01:40:37] [Server thread/INFO]: Preparing start region for level 0
[01:40:38] [Server thread/INFO]: Changing view distance to 12, from 10
[01:40:39] [Server thread/INFO]: Player369[local:E:4071ee94] logged in with entity id 126 at (-688.8321048477612, 20.0, 267.80100897242875)
[01:40:39] [Server thread/INFO]: Player369 joined the game
[01:40:39] [pool-2-thread-1/WARN]: Couldn't look up profile properties for com.mojang.authlib.GameProfile@16f9bba1[id=1fa8a2b7-811f-322e-b30d-8bfc6ccd460c,name=Player369,properties={},legacy=false]
com.mojang.authlib.exceptions.AuthenticationException: The client has sent too many requests within a certain amount of time
	at com.mojang.authlib.yggdrasil.YggdrasilAuthenticationService.makeRequest(YggdrasilAuthenticationService.java:65) ~[YggdrasilAuthenticationService.class:?]
	at com.mojang.authlib.yggdrasil.YggdrasilMinecraftSessionService.fillGameProfile(YggdrasilMinecraftSessionService.java:158) [YggdrasilMinecraftSessionService.class:?]
	at com.mojang.authlib.yggdrasil.YggdrasilMinecraftSessionService$1.load(YggdrasilMinecraftSessionService.java:53) [YggdrasilMinecraftSessionService$1.class:?]
	at com.mojang.authlib.yggdrasil.YggdrasilMinecraftSessionService$1.load(YggdrasilMinecraftSessionService.java:50) [YggdrasilMinecraftSessionService$1.class:?]
	at com.google.common.cache.LocalCache$LoadingValueReference.loadFuture(LocalCache.java:3524) [guava-17.0.jar:?]
	at com.google.common.cache.LocalCache$Segment.loadSync(LocalCache.java:2317) [guava-17.0.jar:?]
	at com.google.common.cache.LocalCache$Segment.lockedGetOrLoad(LocalCache.java:2280) [guava-17.0.jar:?]
	at com.google.common.cache.LocalCache$Segment.get(LocalCache.java:2195) [guava-17.0.jar:?]
	at com.google.common.cache.LocalCache.get(LocalCache.java:3934) [guava-17.0.jar:?]
	at com.google.common.cache.LocalCache.getOrLoad(LocalCache.java:3938) [guava-17.0.jar:?]
	at com.google.common.cache.LocalCache$LocalLoadingCache.get(LocalCache.java:4821) [guava-17.0.jar:?]
	at com.google.common.cache.LocalCache$LocalLoadingCache.getUnchecked(LocalCache.java:4827) [guava-17.0.jar:?]
	at com.mojang.authlib.yggdrasil.YggdrasilMinecraftSessionService.fillProfileProperties(YggdrasilMinecraftSessionService.java:148) [YggdrasilMinecraftSessionService.class:?]
	at net.minecraft.client.resources.SkinManager$3.run(SkinManager.java:138) [SkinManager$3.class:?]
	at java.util.concurrent.Executors$RunnableAdapter.call(Executors.java:511) [?:1.8.0_45]
	at java.util.concurrent.FutureTask.run(FutureTask.java:266) [?:1.8.0_45]
	at java.util.concurrent.ThreadPoolExecutor.runWorker(ThreadPoolExecutor.java:1142) [?:1.8.0_45]
	at java.util.concurrent.ThreadPoolExecutor$Worker.run(ThreadPoolExecutor.java:617) [?:1.8.0_45]
	at java.lang.Thread.run(Thread.java:745) [?:1.8.0_45]
[01:42:11] [Server thread/INFO]: Saving and pausing game...
[01:42:11] [Server thread/INFO]: Saving chunks for level 'New World'/Overworld
[01:42:11] [Server thread/INFO]: Saving chunks for level 'New World'/Nether
[01:42:11] [Server thread/INFO]: Saving chunks for level 'New World'/The End
[01:42:12] [Client thread/INFO]: Stopping!
[01:42:12] [Client thread/INFO]: SoundSystem shutting down...
[01:42:12] [Server thread/INFO]: Stopping server
[01:42:12] [Server thread/INFO]: Saving players
[01:42:12] [Server thread/INFO]: Saving worlds
[01:42:12] [Server thread/INFO]: Saving chunks for level 'New World'/Overworld
[01:42:12] [Server thread/INFO]: Saving chunks for level 'New World'/Nether
[01:42:12] [Server thread/INFO]: Saving chunks for level 'New World'/The End
[01:42:12] [Client thread/WARN]: Author: Paul Lamb, www.paulscode.com
